  Index.cpp
D:\BumK Utilities\BumK Utilities\Index.h(468,1): warning C4267: аргумент: преобразование из "size_t" в "int"; возможна потеря данных
D:\BumK Utilities\BumK Utilities\Index.h(484,1): warning C4267: аргумент: преобразование из "size_t" в "int"; возможна потеря данных
D:\BumK Utilities\BumK Utilities\Index.h(502,1): warning C4267: аргумент: преобразование из "size_t" в "int"; возможна потеря данных
D:\BumK Utilities\BumK Utilities\Index.h(506,1): warning C4267: аргумент: преобразование из "size_t" в "int"; возможна потеря данных
D:\BumK Utilities\BumK Utilities\Index.h(510,1): warning C4267: аргумент: преобразование из "size_t" в "int"; возможна потеря данных
D:\BumK Utilities\BumK Utilities\Index.h(604,1): warning C4267: аргумент: преобразование из "size_t" в "int"; возможна потеря данных
D:\BumK Utilities\BumK Utilities\Index.h(702,1): warning C4267: аргумент: преобразование из "size_t" в "int"; возможна потеря данных
D:\BumK Utilities\BumK Utilities\Index.h(704,1): warning C4267: аргумент: преобразование из "size_t" в "int"; возможна потеря данных
D:\BumK Utilities\BumK Utilities\Index.h(724,1): warning C4267: =: преобразование из "size_t" в "int"; возможна потеря данных
D:\BumK Utilities\BumK Utilities\Index.h(731,1): warning C4554: "|": проверьте приоритет операторов на ошибки; для уточнения приоритета используйте скобки
D:\BumK Utilities\BumK Utilities\Index.h(731,1): warning C4554: "&": проверьте приоритет операторов на ошибки; для уточнения приоритета используйте скобки
D:\BumK Utilities\BumK Utilities\Index.h(735,1): warning C4554: "|": проверьте приоритет операторов на ошибки; для уточнения приоритета используйте скобки
D:\BumK Utilities\BumK Utilities\Index.h(735,1): warning C4554: "&": проверьте приоритет операторов на ошибки; для уточнения приоритета используйте скобки
D:\BumK Utilities\BumK Utilities\Index.h(741,1): warning C4267: =: преобразование из "size_t" в "int"; возможна потеря данных
D:\BumK Utilities\BumK Utilities\Index.h(742,1): warning C4267: аргумент: преобразование из "size_t" в "int"; возможна потеря данных
D:\BumK Utilities\BumK Utilities\Index.cpp(7,32): warning C4829: Возможно, неправильные параметры функции main. Рекомендуемый вариант - "int main(Platform::Array<Platform::String^>^ argv)"
  .NETFramework,Version=v4.6.1.AssemblyAttributes.cpp
  Index.obj : обнаружен модуль MSIL; для MSIL последовательная компоновка отключена; выполняется полная компоновка
LINK : fatal error LNK1561: Єюўър тїюфр фюыцэр с√Є№ юяЁхфхыхэр
